This file contains any messages produced by compilers while
running configure, to aid debugging if configure makes a mistake.

It was created by configure, which was
generated by GNU Autoconf 2.68.  Invocation command line was

  $ ./configure --prefix=/usr/local/libesmtp --with-auth-plugin-dir=/usr/lib/esmtp-plugins --host=arm-arago-linux-gnueabi --enable-ntlm --with-openssl=/usr/local/openssl

## --------- ##
## Platform. ##
## --------- ##

hostname = localhost.localdomain
uname -m = i686
uname -r = 3.3.8-1.fc16.i686
uname -s = Linux
uname -v = #1 SMP Mon Jun 4 21:30:50 UTC 2012

/usr/bin/uname -p = unknown
/bin/uname -X     = unknown

/bin/arch              = i686
/usr/bin/arch -k       = unknown
/usr/convex/getsysinfo = unknown
/usr/bin/hostinfo      = unknown
/bin/machine           = unknown
/usr/bin/oslevel       = unknown
/bin/universe          = unknown

PATH: /home/user/workdir/DM369/dvsdk_ipnctools/linux-devkit/bin/
PATH: /usr/local/sbin
PATH: /usr/local/bin
PATH: /sbin
PATH: /bin
PATH: /usr/sbin
PATH: /usr/bin
PATH: /root/bin


## ----------- ##
## Core tests. ##
## ----------- ##

configure:2680: checking for a BSD-compatible install
configure:2748: result: /usr/bin/install -c
configure:2759: checking whether build environment is sane
configure:2809: result: yes
configure:2858: checking for arm-arago-linux-gnueabi-strip
configure:2874: found /home/user/workdir/DM369/dvsdk_ipnctools/linux-devkit/bin//arm-arago-linux-gnueabi-strip
configure:2885: result: arm-arago-linux-gnueabi-strip
configure:2950: checking for a thread-safe mkdir -p
configure:2989: result: /bin/mkdir -p
configure:3002: checking for gawk
configure:3018: found /bin/gawk
configure:3029: result: gawk
configure:3040: checking whether make sets $(MAKE)
configure:3062: result: yes
configure:3146: checking build system type
configure:3160: result: i686-pc-linux-gnu
configure:3180: checking host system type
configure:3193: result: arm-arago-linux-gnueabi
configure:3235: checking for arm-arago-linux-gnueabi-gcc
configure:3251: found /home/user/workdir/DM369/dvsdk_ipnctools/linux-devkit/bin//arm-arago-linux-gnueabi-gcc
configure:3262: result: arm-arago-linux-gnueabi-gcc
configure:3531: checking for C compiler version
configure:3540: arm-arago-linux-gnueabi-gcc --version >&5
arm-arago-linux-gnueabi-gcc (GCC) 4.3.3
Copyright (C) 2008 Free Software Foundation, Inc.
This is free software; see the source for copying conditions.  There is NO
warranty; not even for MERCHANTABILITY or FITNESS FOR A PARTICULAR PURPOSE.

configure:3551: $? = 0
configure:3540: arm-arago-linux-gnueabi-gcc -v >&5
Using built-in specs.
Target: arm-arago-linux-gnueabi
Configured with: /OE/arago-tmp/work/i686-armv5te-sdk-arago-linux-gnueabi/gcc-cross-sdk-4.3.3-r23.4-arago1/gcc-4.3.3/configure --build=i686-linux --host=i686-linux --target=arm-arago-linux-gnueabi --prefix=/arago-2011.06/armv5te --exec_prefix=/arago-2011.06/armv5te --bindir=/arago-2011.06/armv5te/bin --sbindir=/arago-2011.06/armv5te/bin --libexecdir=/arago-2011.06/armv5te/libexec --datadir=/arago-2011.06/armv5te/share --sysconfdir=/arago-2011.06/armv5te/etc --sharedstatedir=/arago-2011.06/armv5te/share/com --localstatedir=/arago-2011.06/armv5te/var --libdir=/arago-2011.06/armv5te/lib --includedir=/arago-2011.06/armv5te/include --oldincludedir=/arago-2011.06/armv5te/include --infodir=/arago-2011.06/armv5te/share/info --mandir=/arago-2011.06/armv5te/share/man --enable-largefile --disable-nls --enable-ipv6 --with-gnu-ld --enable-shared --enable-languages=c,c++,objc,fortran --enable-threads=posix --disable-multilib --enable-c99 --enable-long-long --enable-symvers=gnu --enable-libstdcxx-pch --program-prefix=arm-arago-linux-gnueabi- --enable-target-optspace --enable-cheaders=c_std --enable-libssp --disable-bootstrap --disable-libgomp --disable-libmudflap --with-float=soft --with-sysroot=/arago-2011.06/armv5te/arm-arago-linux-gnueabi --with-build-time-tools=/OE/arago-tmp/sysroots/i686-linux/usr/armv5te/arm-arago-linux-gnueabi/bin --with-build-sysroot=/OE/arago-tmp/sysroots/armv5te-arago-linux-gnueabi --disable-libunwind-exceptions --disable-libgomp --disable-libmudflap --with-mpfr=/OE/arago-tmp/sysroots/i686-linux/usr --enable-__cxa_atexit
Thread model: posix
gcc version 4.3.3 (GCC) 
configure:3551: $? = 0
configure:3540: arm-arago-linux-gnueabi-gcc -V >&5
arm-arago-linux-gnueabi-gcc: '-V' option must have argument
configure:3551: $? = 1
configure:3540: arm-arago-linux-gnueabi-gcc -qversion >&5
arm-arago-linux-gnueabi-gcc: unrecognized option '-qversion'
arm-arago-linux-gnueabi-gcc: no input files
configure:3551: $? = 1
configure:3571: checking whether the C compiler works
configure:3593: arm-arago-linux-gnueabi-gcc    conftest.c  >&5
configure:3597: $? = 0
configure:3645: result: yes
configure:3648: checking for C compiler default output file name
configure:3650: result: a.out
configure:3656: checking for suffix of executables
configure:3663: arm-arago-linux-gnueabi-gcc -o conftest    conftest.c  >&5
configure:3667: $? = 0
configure:3689: result: 
configure:3711: checking whether we are cross compiling
configure:3719: arm-arago-linux-gnueabi-gcc -o conftest    conftest.c  >&5
configure:3723: $? = 0
configure:3730: ./conftest
./configure: line 3732: ./conftest: cannot execute binary file
configure:3734: $? = 126
configure:3749: result: yes
configure:3754: checking for suffix of object files
configure:3776: arm-arago-linux-gnueabi-gcc -c   conftest.c >&5
configure:3780: $? = 0
configure:3801: result: o
configure:3805: checking whether we are using the GNU C compiler
configure:3824: arm-arago-linux-gnueabi-gcc -c   conftest.c >&5
configure:3824: $? = 0
configure:3833: result: yes
configure:3842: checking whether arm-arago-linux-gnueabi-gcc accepts -g
configure:3862: arm-arago-linux-gnueabi-gcc -c -g  conftest.c >&5
configure:3862: $? = 0
configure:3903: result: yes
configure:3920: checking for arm-arago-linux-gnueabi-gcc option to accept ISO C89
configure:3984: arm-arago-linux-gnueabi-gcc  -c -g -O2  conftest.c >&5
configure:3984: $? = 0
configure:3997: result: none needed
configure:4028: checking for style of include used by make
configure:4056: result: GNU
configure:4081: checking dependency style of arm-arago-linux-gnueabi-gcc
configure:4191: result: gcc3
configure:4207: checking whether make sets $(MAKE)
configure:4229: result: yes
configure:4263: checking for a sed that does not truncate output
configure:4327: result: /bin/sed
configure:4345: checking for grep that handles long lines and -e
configure:4403: result: /bin/grep
configure:4408: checking for egrep
configure:4470: result: /bin/grep -E
configure:4475: checking for fgrep
configure:4537: result: /bin/grep -F
configure:4572: checking for ld used by arm-arago-linux-gnueabi-gcc
configure:4639: result: /home/user/workdir/DM369/dvsdk_ipnctools/linux-devkit/arm-arago-linux-gnueabi/bin/ld
configure:4646: checking if the linker (/home/user/workdir/DM369/dvsdk_ipnctools/linux-devkit/arm-arago-linux-gnueabi/bin/ld) is GNU ld
configure:4661: result: yes
configure:4673: checking for BSD- or MS-compatible name lister (nm)
configure:4722: result: /home/user/workdir/DM369/dvsdk_ipnctools/linux-devkit/bin//arm-arago-linux-gnueabi-nm -B
configure:4840: checking the name lister (/home/user/workdir/DM369/dvsdk_ipnctools/linux-devkit/bin//arm-arago-linux-gnueabi-nm -B) interface
configure:4847: arm-arago-linux-gnueabi-gcc -c -g -O2  conftest.c >&5
configure:4850: /home/user/workdir/DM369/dvsdk_ipnctools/linux-devkit/bin//arm-arago-linux-gnueabi-nm -B "conftest.o"
configure:4853: output
00000000 B some_variable
configure:4860: result: BSD nm
configure:4863: checking whether ln -s works
configure:4867: result: yes
configure:4875: checking the maximum length of command line arguments
configure:4995: result: 1572864
configure:5012: checking whether the shell understands some XSI constructs
configure:5022: result: yes
configure:5026: checking whether the shell understands "+="
configure:5032: result: yes
configure:5067: checking for /home/user/workdir/DM369/dvsdk_ipnctools/linux-devkit/arm-arago-linux-gnueabi/bin/ld option to reload object files
configure:5074: result: -r
configure:5103: checking for arm-arago-linux-gnueabi-objdump
configure:5119: found /home/user/workdir/DM369/dvsdk_ipnctools/linux-devkit/bin//arm-arago-linux-gnueabi-objdump
configure:5130: result: arm-arago-linux-gnueabi-objdump
configure:5202: checking how to recognize dependent libraries
configure:5398: result: pass_all
configure:5418: checking for arm-arago-linux-gnueabi-ar
configure:5434: found /home/user/workdir/DM369/dvsdk_ipnctools/linux-devkit/bin//arm-arago-linux-gnueabi-ar
configure:5445: result: arm-arago-linux-gnueabi-ar
configure:5523: checking for arm-arago-linux-gnueabi-strip
configure:5550: result: arm-arago-linux-gnueabi-strip
configure:5622: checking for arm-arago-linux-gnueabi-ranlib
configure:5638: found /home/user/workdir/DM369/dvsdk_ipnctools/linux-devkit/bin//arm-arago-linux-gnueabi-ranlib
configure:5649: result: arm-arago-linux-gnueabi-ranlib
configure:5779: checking command to parse /home/user/workdir/DM369/dvsdk_ipnctools/linux-devkit/bin//arm-arago-linux-gnueabi-nm -B output from arm-arago-linux-gnueabi-gcc object
configure:5897: arm-arago-linux-gnueabi-gcc -c -g -O2  conftest.c >&5
configure:5900: $? = 0
configure:5904: /home/user/workdir/DM369/dvsdk_ipnctools/linux-devkit/bin//arm-arago-linux-gnueabi-nm -B conftest.o \| sed -n -e 's/^.*[	 ]\([ABCDGIRSTW][ABCDGIRSTW]*\)[	 ][	 ]*\([_A-Za-z][_A-Za-z0-9]*\)$/\1 \2 \2/p' \> conftest.nm
configure:5907: $? = 0
configure:5961: arm-arago-linux-gnueabi-gcc -o conftest -g -O2   conftest.c conftstm.o >&5
configure:5964: $? = 0
configure:6002: result: ok
configure:6811: checking how to run the C preprocessor
configure:6842: arm-arago-linux-gnueabi-gcc -E  conftest.c
configure:6842: $? = 0
configure:6856: arm-arago-linux-gnueabi-gcc -E  conftest.c
conftest.c:11:28: error: ac_nonexistent.h: No such file or directory
configure:6856: $? = 1
configure: failed program was:
| /* confdefs.h */
| #define PACKAGE_NAME ""
| #define PACKAGE_TARNAME ""
| #define PACKAGE_VERSION ""
| #define PACKAGE_STRING ""
| #define PACKAGE_BUGREPORT ""
| #define PACKAGE_URL ""
| #define PACKAGE "libesmtp"
| #define VERSION "1.0.6"
| /* end confdefs.h.  */
| #include <ac_nonexistent.h>
configure:6881: result: arm-arago-linux-gnueabi-gcc -E
configure:6901: arm-arago-linux-gnueabi-gcc -E  conftest.c
configure:6901: $? = 0
configure:6915: arm-arago-linux-gnueabi-gcc -E  conftest.c
conftest.c:11:28: error: ac_nonexistent.h: No such file or directory
configure:6915: $? = 1
configure: failed program was:
| /* confdefs.h */
| #define PACKAGE_NAME ""
| #define PACKAGE_TARNAME ""
| #define PACKAGE_VERSION ""
| #define PACKAGE_STRING ""
| #define PACKAGE_BUGREPORT ""
| #define PACKAGE_URL ""
| #define PACKAGE "libesmtp"
| #define VERSION "1.0.6"
| /* end confdefs.h.  */
| #include <ac_nonexistent.h>
configure:6944: checking for ANSI C header files
configure:6964: arm-arago-linux-gnueabi-gcc -c -g -O2  conftest.c >&5
configure:6964: $? = 0
configure:7048: result: yes
configure:7061: checking for sys/types.h
configure:7061: arm-arago-linux-gnueabi-gcc -c -g -O2  conftest.c >&5
configure:7061: $? = 0
configure:7061: result: yes
configure:7061: checking for sys/stat.h
configure:7061: arm-arago-linux-gnueabi-gcc -c -g -O2  conftest.c >&5
configure:7061: $? = 0
configure:7061: result: yes
configure:7061: checking for stdlib.h
configure:7061: arm-arago-linux-gnueabi-gcc -c -g -O2  conftest.c >&5
configure:7061: $? = 0
configure:7061: result: yes
configure:7061: checking for string.h
configure:7061: arm-arago-linux-gnueabi-gcc -c -g -O2  conftest.c >&5
configure:7061: $? = 0
configure:7061: result: yes
configure:7061: checking for memory.h
configure:7061: arm-arago-linux-gnueabi-gcc -c -g -O2  conftest.c >&5
configure:7061: $? = 0
configure:7061: result: yes
configure:7061: checking for strings.h
configure:7061: arm-arago-linux-gnueabi-gcc -c -g -O2  conftest.c >&5
configure:7061: $? = 0
configure:7061: result: yes
configure:7061: checking for inttypes.h
configure:7061: arm-arago-linux-gnueabi-gcc -c -g -O2  conftest.c >&5
configure:7061: $? = 0
configure:7061: result: yes
configure:7061: checking for stdint.h
configure:7061: arm-arago-linux-gnueabi-gcc -c -g -O2  conftest.c >&5
configure:7061: $? = 0
configure:7061: result: yes
configure:7061: checking for unistd.h
configure:7061: arm-arago-linux-gnueabi-gcc -c -g -O2  conftest.c >&5
configure:7061: $? = 0
configure:7061: result: yes
configure:7075: checking for dlfcn.h
configure:7075: arm-arago-linux-gnueabi-gcc -c -g -O2  conftest.c >&5
configure:7075: $? = 0
configure:7075: result: yes
configure:7259: checking for objdir
configure:7274: result: .libs
configure:7566: checking if arm-arago-linux-gnueabi-gcc supports -fno-rtti -fno-exceptions
configure:7584: arm-arago-linux-gnueabi-gcc -c -g -O2  -fno-rtti -fno-exceptions conftest.c >&5
cc1: warning: command line option "-fno-rtti" is valid for C++/ObjC++ but not for C
configure:7588: $? = 0
configure:7601: result: no
configure:7621: checking for arm-arago-linux-gnueabi-gcc option to produce PIC
configure:7893: result: -fPIC -DPIC
configure:7905: checking if arm-arago-linux-gnueabi-gcc PIC flag -fPIC -DPIC works
configure:7923: arm-arago-linux-gnueabi-gcc -c -g -O2  -fPIC -DPIC -DPIC conftest.c >&5
configure:7927: $? = 0
configure:7940: result: yes
configure:7964: checking if arm-arago-linux-gnueabi-gcc static flag -static works
configure:7992: result: yes
configure:8007: checking if arm-arago-linux-gnueabi-gcc supports -c -o file.o
configure:8028: arm-arago-linux-gnueabi-gcc -c -g -O2  -o out/conftest2.o conftest.c >&5
configure:8032: $? = 0
configure:8054: result: yes
configure:8062: checking if arm-arago-linux-gnueabi-gcc supports -c -o file.o
configure:8109: result: yes
configure:8142: checking whether the arm-arago-linux-gnueabi-gcc linker (/home/user/workdir/DM369/dvsdk_ipnctools/linux-devkit/arm-arago-linux-gnueabi/bin/ld) supports shared libraries
configure:9133: result: yes
configure:9170: checking whether -lc should be explicitly linked in
configure:9175: arm-arago-linux-gnueabi-gcc -c -g -O2  conftest.c >&5
configure:9178: $? = 0
configure:9193: arm-arago-linux-gnueabi-gcc -shared conftest.o  -v -Wl,-soname -Wl,conftest -o conftest 2\>\&1 \| /bin/grep  -lc  \>/dev/null 2\>\&1
configure:9196: $? = 0
configure:9208: result: no
configure:9372: checking dynamic linker characteristics
configure:9805: arm-arago-linux-gnueabi-gcc -o conftest -g -O2   -Wl,-rpath -Wl,/foo conftest.c  >&5
configure:9805: $? = 0
configure:10035: result: GNU/Linux ld.so
configure:10137: checking how to hardcode library paths into programs
configure:10162: result: immediate
configure:10682: checking whether stripping libraries is possible
configure:10687: result: yes
configure:10722: checking if libtool supports shared libraries
configure:10724: result: yes
configure:10727: checking whether to build shared libraries
configure:10748: result: yes
configure:10751: checking whether to build static libraries
configure:10755: result: yes
configure:10867: checking for library containing dlsym
configure:10898: arm-arago-linux-gnueabi-gcc -o conftest -std=c99 -pedantic -g -O2   conftest.c  >&5
/tmp/cc8o0g7T.o: In function `main':
/home/user/workdir/DM369/ipnc_rdk/ipnc_app/network/libesmtp-1.0.6/conftest.c:39: undefined reference to `dlsym'
collect2: ld returned 1 exit status
configure:10898: $? = 1
configure: failed program was:
| /* confdefs.h */
| #define PACKAGE_NAME ""
| #define PACKAGE_TARNAME ""
| #define PACKAGE_VERSION ""
| #define PACKAGE_STRING ""
| #define PACKAGE_BUGREPORT ""
| #define PACKAGE_URL ""
| #define PACKAGE "libesmtp"
| #define VERSION "1.0.6"
| #define STDC_HEADERS 1
| #define HAVE_SYS_TYPES_H 1
| #define HAVE_SYS_STAT_H 1
| #define HAVE_STDLIB_H 1
| #define HAVE_STRING_H 1
| #define HAVE_MEMORY_H 1
| #define HAVE_STRINGS_H 1
| #define HAVE_INTTYPES_H 1
| #define HAVE_STDINT_H 1
| #define HAVE_UNISTD_H 1
| #define HAVE_DLFCN_H 1
| #define LT_OBJDIR ".libs/"
| #define _GNU_SOURCE 1
| #define _ISOC9X_SOURCE 1
| #define _ISOC99_SOURCE 1
| #define _POSIX_C_SOURCE 199506L
| #define _XOPEN_SOURCE 500
| /* end confdefs.h.  */
| 
| /* Override any GCC internal prototype to avoid an error.
|    Use char because int might match the return type of a GCC
|    builtin and then its argument prototype would still apply.  */
| #ifdef __cplusplus
| extern "C"
| #endif
| char dlsym ();
| int
| main ()
| {
| return dlsym ();
|   ;
|   return 0;
| }
configure:10898: arm-arago-linux-gnueabi-gcc -o conftest -std=c99 -pedantic -g -O2   conftest.c -ldl   >&5
configure:10898: $? = 0
configure:10915: result: -ldl
configure:11007: checking pthread.h usability
configure:11007: arm-arago-linux-gnueabi-gcc -c -std=c99 -pedantic -g -O2  conftest.c >&5
configure:11007: $? = 0
configure:11007: result: yes
configure:11007: checking pthread.h presence
configure:11007: arm-arago-linux-gnueabi-gcc -E  conftest.c
configure:11007: $? = 0
configure:11007: result: yes
configure:11007: checking for pthread.h
configure:11007: result: yes
configure:11124: checking for the pthreads library -lpthreads
configure:11159: arm-arago-linux-gnueabi-gcc -o conftest -std=c99 -pedantic -g -O2     conftest.c -lpthreads -ldl  >&5
/home/user/workdir/DM369/dvsdk_ipnctools/linux-devkit/bin/../lib/gcc/arm-arago-linux-gnueabi/4.3.3/../../../../arm-arago-linux-gnueabi/bin/ld: cannot find -lpthreads
collect2: ld returned 1 exit status
configure:11159: $? = 1
configure: failed program was:
| /* confdefs.h */
| #define PACKAGE_NAME ""
| #define PACKAGE_TARNAME ""
| #define PACKAGE_VERSION ""
| #define PACKAGE_STRING ""
| #define PACKAGE_BUGREPORT ""
| #define PACKAGE_URL ""
| #define PACKAGE "libesmtp"
| #define VERSION "1.0.6"
| #define STDC_HEADERS 1
| #define HAVE_SYS_TYPES_H 1
| #define HAVE_SYS_STAT_H 1
| #define HAVE_STDLIB_H 1
| #define HAVE_STRING_H 1
| #define HAVE_MEMORY_H 1
| #define HAVE_STRINGS_H 1
| #define HAVE_INTTYPES_H 1
| #define HAVE_STDINT_H 1
| #define HAVE_UNISTD_H 1
| #define HAVE_DLFCN_H 1
| #define LT_OBJDIR ".libs/"
| #define _GNU_SOURCE 1
| #define _ISOC9X_SOURCE 1
| #define _ISOC99_SOURCE 1
| #define _POSIX_C_SOURCE 199506L
| #define _XOPEN_SOURCE 500
| #define HAVE_DLSYM 1
| /* end confdefs.h.  */
| #include <pthread.h>
| int
| main ()
| {
| pthread_t th; pthread_join(th, 0);
|                      pthread_attr_init(0); pthread_cleanup_push(0, 0);
|                      pthread_create(0,0,0,0); pthread_cleanup_pop(0);
|   ;
|   return 0;
| }
configure:11169: result: no
configure:11112: checking whether pthreads work without any flags
configure:11159: arm-arago-linux-gnueabi-gcc -o conftest -std=c99 -pedantic -g -O2     conftest.c  -ldl  >&5
/tmp/ccoRA3J4.o: In function `main':
/home/user/workdir/DM369/ipnc_rdk/ipnc_app/network/libesmtp-1.0.6/conftest.c:33: undefined reference to `pthread_join'
/home/user/workdir/DM369/ipnc_rdk/ipnc_app/network/libesmtp-1.0.6/conftest.c:34: undefined reference to `__pthread_register_cancel'
/home/user/workdir/DM369/ipnc_rdk/ipnc_app/network/libesmtp-1.0.6/conftest.c:35: undefined reference to `pthread_create'
/home/user/workdir/DM369/ipnc_rdk/ipnc_app/network/libesmtp-1.0.6/conftest.c:35: undefined reference to `__pthread_unregister_cancel'
collect2: ld returned 1 exit status
configure:11159: $? = 1
configure: failed program was:
| /* confdefs.h */
| #define PACKAGE_NAME ""
| #define PACKAGE_TARNAME ""
| #define PACKAGE_VERSION ""
| #define PACKAGE_STRING ""
| #define PACKAGE_BUGREPORT ""
| #define PACKAGE_URL ""
| #define PACKAGE "libesmtp"
| #define VERSION "1.0.6"
| #define STDC_HEADERS 1
| #define HAVE_SYS_TYPES_H 1
| #define HAVE_SYS_STAT_H 1
| #define HAVE_STDLIB_H 1
| #define HAVE_STRING_H 1
| #define HAVE_MEMORY_H 1
| #define HAVE_STRINGS_H 1
| #define HAVE_INTTYPES_H 1
| #define HAVE_STDINT_H 1
| #define HAVE_UNISTD_H 1
| #define HAVE_DLFCN_H 1
| #define LT_OBJDIR ".libs/"
| #define _GNU_SOURCE 1
| #define _ISOC9X_SOURCE 1
| #define _ISOC99_SOURCE 1
| #define _POSIX_C_SOURCE 199506L
| #define _XOPEN_SOURCE 500
| #define HAVE_DLSYM 1
| /* end confdefs.h.  */
| #include <pthread.h>
| int
| main ()
| {
| pthread_t th; pthread_join(th, 0);
|                      pthread_attr_init(0); pthread_cleanup_push(0, 0);
|                      pthread_create(0,0,0,0); pthread_cleanup_pop(0);
|   ;
|   return 0;
| }
configure:11169: result: no
configure:11117: checking whether pthreads work with -Kthread
configure:11159: arm-arago-linux-gnueabi-gcc -o conftest -std=c99 -pedantic -g -O2 -Kthread   -Kthread conftest.c  -ldl  >&5
arm-arago-linux-gnueabi-gcc: unrecognized option '-Kthread'
arm-arago-linux-gnueabi-gcc: unrecognized option '-Kthread'
/tmp/ccRwqGwc.o: In function `main':
/home/user/workdir/DM369/ipnc_rdk/ipnc_app/network/libesmtp-1.0.6/conftest.c:33: undefined reference to `pthread_join'
/home/user/workdir/DM369/ipnc_rdk/ipnc_app/network/libesmtp-1.0.6/conftest.c:34: undefined reference to `__pthread_register_cancel'
/home/user/workdir/DM369/ipnc_rdk/ipnc_app/network/libesmtp-1.0.6/conftest.c:35: undefined reference to `pthread_create'
/home/user/workdir/DM369/ipnc_rdk/ipnc_app/network/libesmtp-1.0.6/conftest.c:35: undefined reference to `__pthread_unregister_cancel'
collect2: ld returned 1 exit status
configure:11159: $? = 1
configure: failed program was:
| /* confdefs.h */
| #define PACKAGE_NAME ""
| #define PACKAGE_TARNAME ""
| #define PACKAGE_VERSION ""
| #define PACKAGE_STRING ""
| #define PACKAGE_BUGREPORT ""
| #define PACKAGE_URL ""
| #define PACKAGE "libesmtp"
| #define VERSION "1.0.6"
| #define STDC_HEADERS 1
| #define HAVE_SYS_TYPES_H 1
| #define HAVE_SYS_STAT_H 1
| #define HAVE_STDLIB_H 1
| #define HAVE_STRING_H 1
| #define HAVE_MEMORY_H 1
| #define HAVE_STRINGS_H 1
| #define HAVE_INTTYPES_H 1
| #define HAVE_STDINT_H 1
| #define HAVE_UNISTD_H 1
| #define HAVE_DLFCN_H 1
| #define LT_OBJDIR ".libs/"
| #define _GNU_SOURCE 1
| #define _ISOC9X_SOURCE 1
| #define _ISOC99_SOURCE 1
| #define _POSIX_C_SOURCE 199506L
| #define _XOPEN_SOURCE 500
| #define HAVE_DLSYM 1
| /* end confdefs.h.  */
| #include <pthread.h>
| int
| main ()
| {
| pthread_t th; pthread_join(th, 0);
|                      pthread_attr_init(0); pthread_cleanup_push(0, 0);
|                      pthread_create(0,0,0,0); pthread_cleanup_pop(0);
|   ;
|   return 0;
| }
configure:11169: result: no
configure:11117: checking whether pthreads work with -kthread
configure:11159: arm-arago-linux-gnueabi-gcc -o conftest -std=c99 -pedantic -g -O2 -kthread   -kthread conftest.c  -ldl  >&5
arm-arago-linux-gnueabi-gcc: unrecognized option '-kthread'
arm-arago-linux-gnueabi-gcc: unrecognized option '-kthread'
/tmp/ccm2oHBj.o: In function `main':
/home/user/workdir/DM369/ipnc_rdk/ipnc_app/network/libesmtp-1.0.6/conftest.c:33: undefined reference to `pthread_join'
/home/user/workdir/DM369/ipnc_rdk/ipnc_app/network/libesmtp-1.0.6/conftest.c:34: undefined reference to `__pthread_register_cancel'
/home/user/workdir/DM369/ipnc_rdk/ipnc_app/network/libesmtp-1.0.6/conftest.c:35: undefined reference to `pthread_create'
/home/user/workdir/DM369/ipnc_rdk/ipnc_app/network/libesmtp-1.0.6/conftest.c:35: undefined reference to `__pthread_unregister_cancel'
collect2: ld returned 1 exit status
configure:11159: $? = 1
configure: failed program was:
| /* confdefs.h */
| #define PACKAGE_NAME ""
| #define PACKAGE_TARNAME ""
| #define PACKAGE_VERSION ""
| #define PACKAGE_STRING ""
| #define PACKAGE_BUGREPORT ""
| #define PACKAGE_URL ""
| #define PACKAGE "libesmtp"
| #define VERSION "1.0.6"
| #define STDC_HEADERS 1
| #define HAVE_SYS_TYPES_H 1
| #define HAVE_SYS_STAT_H 1
| #define HAVE_STDLIB_H 1
| #define HAVE_STRING_H 1
| #define HAVE_MEMORY_H 1
| #define HAVE_STRINGS_H 1
| #define HAVE_INTTYPES_H 1
| #define HAVE_STDINT_H 1
| #define HAVE_UNISTD_H 1
| #define HAVE_DLFCN_H 1
| #define LT_OBJDIR ".libs/"
| #define _GNU_SOURCE 1
| #define _ISOC9X_SOURCE 1
| #define _ISOC99_SOURCE 1
| #define _POSIX_C_SOURCE 199506L
| #define _XOPEN_SOURCE 500
| #define HAVE_DLSYM 1
| /* end confdefs.h.  */
| #include <pthread.h>
| int
| main ()
| {
| pthread_t th; pthread_join(th, 0);
|                      pthread_attr_init(0); pthread_cleanup_push(0, 0);
|                      pthread_create(0,0,0,0); pthread_cleanup_pop(0);
|   ;
|   return 0;
| }
configure:11169: result: no
configure:11124: checking for the pthreads library -llthread
configure:11159: arm-arago-linux-gnueabi-gcc -o conftest -std=c99 -pedantic -g -O2     conftest.c -llthread -ldl  >&5
/home/user/workdir/DM369/dvsdk_ipnctools/linux-devkit/bin/../lib/gcc/arm-arago-linux-gnueabi/4.3.3/../../../../arm-arago-linux-gnueabi/bin/ld: cannot find -llthread
collect2: ld returned 1 exit status
configure:11159: $? = 1
configure: failed program was:
| /* confdefs.h */
| #define PACKAGE_NAME ""
| #define PACKAGE_TARNAME ""
| #define PACKAGE_VERSION ""
| #define PACKAGE_STRING ""
| #define PACKAGE_BUGREPORT ""
| #define PACKAGE_URL ""
| #define PACKAGE "libesmtp"
| #define VERSION "1.0.6"
| #define STDC_HEADERS 1
| #define HAVE_SYS_TYPES_H 1
| #define HAVE_SYS_STAT_H 1
| #define HAVE_STDLIB_H 1
| #define HAVE_STRING_H 1
| #define HAVE_MEMORY_H 1
| #define HAVE_STRINGS_H 1
| #define HAVE_INTTYPES_H 1
| #define HAVE_STDINT_H 1
| #define HAVE_UNISTD_H 1
| #define HAVE_DLFCN_H 1
| #define LT_OBJDIR ".libs/"
| #define _GNU_SOURCE 1
| #define _ISOC9X_SOURCE 1
| #define _ISOC99_SOURCE 1
| #define _POSIX_C_SOURCE 199506L
| #define _XOPEN_SOURCE 500
| #define HAVE_DLSYM 1
| /* end confdefs.h.  */
| #include <pthread.h>
| int
| main ()
| {
| pthread_t th; pthread_join(th, 0);
|                      pthread_attr_init(0); pthread_cleanup_push(0, 0);
|                      pthread_create(0,0,0,0); pthread_cleanup_pop(0);
|   ;
|   return 0;
| }
configure:11169: result: no
configure:11117: checking whether pthreads work with -pthread
configure:11159: arm-arago-linux-gnueabi-gcc -o conftest -std=c99 -pedantic -g -O2 -pthread   -pthread conftest.c  -ldl  >&5
configure:11159: $? = 0
configure:11169: result: yes
configure:11192: checking for joinable pthread attribute
configure:11205: arm-arago-linux-gnueabi-gcc -o conftest -std=c99 -pedantic -g -O2 -pthread   -pthread conftest.c  -ldl  >&5
configure:11205: $? = 0
configure:11237: result: PTHREAD_CREATE_JOINABLE
configure:11244: checking if more special flags are required for pthreads
configure:11251: result: no
configure:11264: checking for cc_r
configure:11292: result: arm-arago-linux-gnueabi-gcc
configure:11326: checking whether to use Posix Threads
configure:11336: result: yes
configure:11435: checking for library containing getaddrinfo
configure:11466: arm-arago-linux-gnueabi-gcc -o conftest -pthread -std=c99 -pedantic -g -O2  -pthread  conftest.c  -ldl  >&5
configure:11466: $? = 0
configure:11483: result: none required
configure:11905: checking openssl/ssl.h usability
configure:11905: arm-arago-linux-gnueabi-gcc -c -pthread -std=c99 -pedantic -g -O2 -I/usr/local/openssl/include  conftest.c >&5
configure:11905: $? = 0
configure:11905: result: yes
configure:11905: checking openssl/ssl.h presence
configure:11905: arm-arago-linux-gnueabi-gcc -E -I/usr/local/openssl/include  conftest.c
configure:11905: $? = 0
configure:11905: result: yes
configure:11905: checking for openssl/ssl.h
configure:11905: result: yes
configure:11920: checking for SSL_library_init in -lssl
configure:11946: arm-arago-linux-gnueabi-gcc -o conftest -pthread -std=c99 -pedantic -g -O2 -I/usr/local/openssl/include  -L/usr/local/openssl/lib -pthread  conftest.c -lssl -lcrypto
	  -ldl  >&5
configure:11946: $? = 0
configure:11955: result: yes
configure:12026: checking openssl/md5.h usability
configure:12026: arm-arago-linux-gnueabi-gcc -c -pthread -std=c99 -pedantic -g -O2 -I/usr/local/openssl/include  conftest.c >&5
configure:12026: $? = 0
configure:12026: result: yes
configure:12026: checking openssl/md5.h presence
configure:12026: arm-arago-linux-gnueabi-gcc -E -I/usr/local/openssl/include  conftest.c
configure:12026: $? = 0
configure:12026: result: yes
configure:12026: checking for openssl/md5.h
configure:12026: result: yes
configure:12029: checking for MD5_Init in -lcrypto
configure:12054: arm-arago-linux-gnueabi-gcc -o conftest -pthread -std=c99 -pedantic -g -O2 -I/usr/local/openssl/include  -L/usr/local/openssl/lib -pthread  conftest.c -lcrypto  -lssl -lcrypto  -ldl  >&5
configure:12054: $? = 0
configure:12063: result: yes
configure:12095: checking whether to enable NTLM authentication
configure:12098: result: yes
configure:12100: checking openssl/md4.h usability
configure:12100: arm-arago-linux-gnueabi-gcc -c -pthread -std=c99 -pedantic -g -O2 -I/usr/local/openssl/include  conftest.c >&5
configure:12100: $? = 0
configure:12100: result: yes
configure:12100: checking openssl/md4.h presence
configure:12100: arm-arago-linux-gnueabi-gcc -E -I/usr/local/openssl/include  conftest.c
configure:12100: $? = 0
configure:12100: result: yes
configure:12100: checking for openssl/md4.h
configure:12100: result: yes
configure:12103: checking for MD4_Init in -lcrypto
configure:12128: arm-arago-linux-gnueabi-gcc -o conftest -pthread -std=c99 -pedantic -g -O2 -I/usr/local/openssl/include  -L/usr/local/openssl/lib -pthread  conftest.c -lcrypto  -lssl -lcrypto  -ldl  >&5
configure:12128: $? = 0
configure:12137: result: yes
configure:12164: checking whether to enable STARTTLS
configure:12167: result: yes
configure:12186: checking whether to enable CHUNKING
configure:12189: result: yes
configure:12208: checking whether to enable ETRN
configure:12217: result: no
configure:12230: checking whether to enable sendmail XUSR
configure:12233: result: yes
configure:12252: checking whether to enable non-standard EHLO AUTH= response
configure:12255: result: yes
configure:12285: checking for ANSI C header files
configure:12389: result: yes
configure:12400: checking sys/ioctl.h usability
configure:12400: arm-arago-linux-gnueabi-gcc -c -pthread -std=c99 -pedantic -g -O2 -I/usr/local/openssl/include  conftest.c >&5
configure:12400: $? = 0
configure:12400: result: yes
configure:12400: checking sys/ioctl.h presence
configure:12400: arm-arago-linux-gnueabi-gcc -E -I/usr/local/openssl/include  conftest.c
configure:12400: $? = 0
configure:12400: result: yes
configure:12400: checking for sys/ioctl.h
configure:12400: result: yes
configure:12400: checking for unistd.h
configure:12400: result: yes
configure:12412: checking for an ANSI C-conforming const
configure:12477: arm-arago-linux-gnueabi-gcc -c -pthread -std=c99 -pedantic -g -O2 -I/usr/local/openssl/include  conftest.c >&5
configure:12477: $? = 0
configure:12484: result: yes
configure:12492: checking for inline
configure:12508: arm-arago-linux-gnueabi-gcc -c -pthread -std=c99 -pedantic -g -O2 -I/usr/local/openssl/include  conftest.c >&5
configure:12508: $? = 0
configure:12516: result: inline
configure:12534: checking whether byte ordering is bigendian
configure:12549: arm-arago-linux-gnueabi-gcc -c -pthread -std=c99 -pedantic -g -O2 -I/usr/local/openssl/include  conftest.c >&5
conftest.c:43: error: expected '=', ',', ';', 'asm' or '__attribute__' before 'a'
configure:12549: $? = 1
configure: failed program was:
| /* confdefs.h */
| #define PACKAGE_NAME ""
| #define PACKAGE_TARNAME ""
| #define PACKAGE_VERSION ""
| #define PACKAGE_STRING ""
| #define PACKAGE_BUGREPORT ""
| #define PACKAGE_URL ""
| #define PACKAGE "libesmtp"
| #define VERSION "1.0.6"
| #define STDC_HEADERS 1
| #define HAVE_SYS_TYPES_H 1
| #define HAVE_SYS_STAT_H 1
| #define HAVE_STDLIB_H 1
| #define HAVE_STRING_H 1
| #define HAVE_MEMORY_H 1
| #define HAVE_STRINGS_H 1
| #define HAVE_INTTYPES_H 1
| #define HAVE_STDINT_H 1
| #define HAVE_UNISTD_H 1
| #define HAVE_DLFCN_H 1
| #define LT_OBJDIR ".libs/"
| #define _GNU_SOURCE 1
| #define _ISOC9X_SOURCE 1
| #define _ISOC99_SOURCE 1
| #define _POSIX_C_SOURCE 199506L
| #define _XOPEN_SOURCE 500
| #define HAVE_DLSYM 1
| #define USE_PTHREADS 1
| #define HAVE_GETADDRINFO 1
| #define USE_SASL 1
| #define AUTHPLUGINDIR "/usr/lib/esmtp-plugins"
| #define HAVE_LIBCRYPTO 1
| #define USE_TLS 1
| #define USE_CHUNKING 1
| #define USE_XUSR 1
| #define AUTH_ID_HACK 1
| #define NDEBUG 1
| #define STDC_HEADERS 1
| #define HAVE_SYS_IOCTL_H 1
| #define HAVE_UNISTD_H 1
| /* end confdefs.h.  */
| #ifndef __APPLE_CC__
| 	       not a universal capable compiler
| 	     #endif
| 	     typedef int dummy;
| 
configure:12594: arm-arago-linux-gnueabi-gcc -c -pthread -std=c99 -pedantic -g -O2 -I/usr/local/openssl/include  conftest.c >&5
configure:12594: $? = 0
configure:12612: arm-arago-linux-gnueabi-gcc -c -pthread -std=c99 -pedantic -g -O2 -I/usr/local/openssl/include  conftest.c >&5
conftest.c: In function 'main':
conftest.c:49: error: 'not' undeclared (first use in this function)
conftest.c:49: error: (Each undeclared identifier is reported only once
conftest.c:49: error: for each function it appears in.)
conftest.c:49: error: expected ';' before 'big'
configure:12612: $? = 1
configure: failed program was:
| /* confdefs.h */
| #define PACKAGE_NAME ""
| #define PACKAGE_TARNAME ""
| #define PACKAGE_VERSION ""
| #define PACKAGE_STRING ""
| #define PACKAGE_BUGREPORT ""
| #define PACKAGE_URL ""
| #define PACKAGE "libesmtp"
| #define VERSION "1.0.6"
| #define STDC_HEADERS 1
| #define HAVE_SYS_TYPES_H 1
| #define HAVE_SYS_STAT_H 1
| #define HAVE_STDLIB_H 1
| #define HAVE_STRING_H 1
| #define HAVE_MEMORY_H 1
| #define HAVE_STRINGS_H 1
| #define HAVE_INTTYPES_H 1
| #define HAVE_STDINT_H 1
| #define HAVE_UNISTD_H 1
| #define HAVE_DLFCN_H 1
| #define LT_OBJDIR ".libs/"
| #define _GNU_SOURCE 1
| #define _ISOC9X_SOURCE 1
| #define _ISOC99_SOURCE 1
| #define _POSIX_C_SOURCE 199506L
| #define _XOPEN_SOURCE 500
| #define HAVE_DLSYM 1
| #define USE_PTHREADS 1
| #define HAVE_GETADDRINFO 1
| #define USE_SASL 1
| #define AUTHPLUGINDIR "/usr/lib/esmtp-plugins"
| #define HAVE_LIBCRYPTO 1
| #define USE_TLS 1
| #define USE_CHUNKING 1
| #define USE_XUSR 1
| #define AUTH_ID_HACK 1
| #define NDEBUG 1
| #define STDC_HEADERS 1
| #define HAVE_SYS_IOCTL_H 1
| #define HAVE_UNISTD_H 1
| /* end confdefs.h.  */
| #include <sys/types.h>
| 		#include <sys/param.h>
| 
| int
| main ()
| {
| #if BYTE_ORDER != BIG_ENDIAN
| 		 not big endian
| 		#endif
| 
|   ;
|   return 0;
| }
configure:12740: result: no
configure:12758: checking whether struct tm is in sys/time.h or time.h
configure:12778: arm-arago-linux-gnueabi-gcc -c -pthread -std=c99 -pedantic -g -O2 -I/usr/local/openssl/include  conftest.c >&5
configure:12778: $? = 0
configure:12785: result: time.h
configure:12793: checking whether time.h and sys/time.h may both be included
configure:12813: arm-arago-linux-gnueabi-gcc -c -pthread -std=c99 -pedantic -g -O2 -I/usr/local/openssl/include  conftest.c >&5
configure:12813: $? = 0
configure:12820: result: yes
configure:12828: checking for struct tm.tm_zone
configure:12828: arm-arago-linux-gnueabi-gcc -c -pthread -std=c99 -pedantic -g -O2 -I/usr/local/openssl/include  conftest.c >&5
configure:12828: $? = 0
configure:12828: result: yes
configure:12900: checking size of unsigned short
configure:12905: arm-arago-linux-gnueabi-gcc -c -pthread -std=c99 -pedantic -g -O2 -I/usr/local/openssl/include  conftest.c >&5
configure:12905: $? = 0
configure:12905: arm-arago-linux-gnueabi-gcc -c -pthread -std=c99 -pedantic -g -O2 -I/usr/local/openssl/include  conftest.c >&5
conftest.c: In function 'main':
conftest.c:81: error: size of array 'test_array' is negative
configure:12905: $? = 1
configure: failed program was:
| /* confdefs.h */
| #define PACKAGE_NAME ""
| #define PACKAGE_TARNAME ""
| #define PACKAGE_VERSION ""
| #define PACKAGE_STRING ""
| #define PACKAGE_BUGREPORT ""
| #define PACKAGE_URL ""
| #define PACKAGE "libesmtp"
| #define VERSION "1.0.6"
| #define STDC_HEADERS 1
| #define HAVE_SYS_TYPES_H 1
| #define HAVE_SYS_STAT_H 1
| #define HAVE_STDLIB_H 1
| #define HAVE_STRING_H 1
| #define HAVE_MEMORY_H 1
| #define HAVE_STRINGS_H 1
| #define HAVE_INTTYPES_H 1
| #define HAVE_STDINT_H 1
| #define HAVE_UNISTD_H 1
| #define HAVE_DLFCN_H 1
| #define LT_OBJDIR ".libs/"
| #define _GNU_SOURCE 1
| #define _ISOC9X_SOURCE 1
| #define _ISOC99_SOURCE 1
| #define _POSIX_C_SOURCE 199506L
| #define _XOPEN_SOURCE 500
| #define HAVE_DLSYM 1
| #define USE_PTHREADS 1
| #define HAVE_GETADDRINFO 1
| #define USE_SASL 1
| #define AUTHPLUGINDIR "/usr/lib/esmtp-plugins"
| #define HAVE_LIBCRYPTO 1
| #define USE_TLS 1
| #define USE_CHUNKING 1
| #define USE_XUSR 1
| #define AUTH_ID_HACK 1
| #define NDEBUG 1
| #define STDC_HEADERS 1
| #define HAVE_SYS_IOCTL_H 1
| #define HAVE_UNISTD_H 1
| #define TIME_WITH_SYS_TIME 1
| #define HAVE_STRUCT_TM_TM_ZONE 1
| #define HAVE_TM_ZONE 1
| /* end confdefs.h.  */
| #include <stdio.h>
| #ifdef HAVE_SYS_TYPES_H
| # include <sys/types.h>
| #endif
| #ifdef HAVE_SYS_STAT_H
| # include <sys/stat.h>
| #endif
| #ifdef STDC_HEADERS
| # include <stdlib.h>
| # include <stddef.h>
| #else
| # ifdef HAVE_STDLIB_H
| #  include <stdlib.h>
| # endif
| #endif
| #ifdef HAVE_STRING_H
| # if !defined STDC_HEADERS && defined HAVE_MEMORY_H
| #  include <memory.h>
| # endif
| # include <string.h>
| #endif
| #ifdef HAVE_STRINGS_H
| # include <strings.h>
| #endif
| #ifdef HAVE_INTTYPES_H
| # include <inttypes.h>
| #endif
| #ifdef HAVE_STDINT_H
| # include <stdint.h>
| #endif
| #ifdef HAVE_UNISTD_H
| # include <unistd.h>
| #endif
| int
| main ()
| {
| static int test_array [1 - 2 * !(((long int) (sizeof (unsigned short))) <= 0)];
| test_array [0] = 0
| 
|   ;
|   return 0;
| }
configure:12905: arm-arago-linux-gnueabi-gcc -c -pthread -std=c99 -pedantic -g -O2 -I/usr/local/openssl/include  conftest.c >&5
conftest.c: In function 'main':
conftest.c:81: error: size of array 'test_array' is negative
configure:12905: $? = 1
configure: failed program was:
| /* confdefs.h */
| #define PACKAGE_NAME ""
| #define PACKAGE_TARNAME ""
| #define PACKAGE_VERSION ""
| #define PACKAGE_STRING ""
| #define PACKAGE_BUGREPORT ""
| #define PACKAGE_URL ""
| #define PACKAGE "libesmtp"
| #define VERSION "1.0.6"
| #define STDC_HEADERS 1
| #define HAVE_SYS_TYPES_H 1
| #define HAVE_SYS_STAT_H 1
| #define HAVE_STDLIB_H 1
| #define HAVE_STRING_H 1
| #define HAVE_MEMORY_H 1
| #define HAVE_STRINGS_H 1
| #define HAVE_INTTYPES_H 1
| #define HAVE_STDINT_H 1
| #define HAVE_UNISTD_H 1
| #define HAVE_DLFCN_H 1
| #define LT_OBJDIR ".libs/"
| #define _GNU_SOURCE 1
| #define _ISOC9X_SOURCE 1
| #define _ISOC99_SOURCE 1
| #define _POSIX_C_SOURCE 199506L
| #define _XOPEN_SOURCE 500
| #define HAVE_DLSYM 1
| #define USE_PTHREADS 1
| #define HAVE_GETADDRINFO 1
| #define USE_SASL 1
| #define AUTHPLUGINDIR "/usr/lib/esmtp-plugins"
| #define HAVE_LIBCRYPTO 1
| #define USE_TLS 1
| #define USE_CHUNKING 1
| #define USE_XUSR 1
| #define AUTH_ID_HACK 1
| #define NDEBUG 1
| #define STDC_HEADERS 1
| #define HAVE_SYS_IOCTL_H 1
| #define HAVE_UNISTD_H 1
| #define TIME_WITH_SYS_TIME 1
| #define HAVE_STRUCT_TM_TM_ZONE 1
| #define HAVE_TM_ZONE 1
| /* end confdefs.h.  */
| #include <stdio.h>
| #ifdef HAVE_SYS_TYPES_H
| # include <sys/types.h>
| #endif
| #ifdef HAVE_SYS_STAT_H
| # include <sys/stat.h>
| #endif
| #ifdef STDC_HEADERS
| # include <stdlib.h>
| # include <stddef.h>
| #else
| # ifdef HAVE_STDLIB_H
| #  include <stdlib.h>
| # endif
| #endif
| #ifdef HAVE_STRING_H
| # if !defined STDC_HEADERS && defined HAVE_MEMORY_H
| #  include <memory.h>
| # endif
| # include <string.h>
| #endif
| #ifdef HAVE_STRINGS_H
| # include <strings.h>
| #endif
| #ifdef HAVE_INTTYPES_H
| # include <inttypes.h>
| #endif
| #ifdef HAVE_STDINT_H
| # include <stdint.h>
| #endif
| #ifdef HAVE_UNISTD_H
| # include <unistd.h>
| #endif
| int
| main ()
| {
| static int test_array [1 - 2 * !(((long int) (sizeof (unsigned short))) <= 1)];
| test_array [0] = 0
| 
|   ;
|   return 0;
| }
configure:12905: arm-arago-linux-gnueabi-gcc -c -pthread -std=c99 -pedantic -g -O2 -I/usr/local/openssl/include  conftest.c >&5
configure:12905: $? = 0
configure:12905: arm-arago-linux-gnueabi-gcc -c -pthread -std=c99 -pedantic -g -O2 -I/usr/local/openssl/include  conftest.c >&5
configure:12905: $? = 0
configure:12919: result: 2
configure:12933: checking size of unsigned int
configure:12938: arm-arago-linux-gnueabi-gcc -c -pthread -std=c99 -pedantic -g -O2 -I/usr/local/openssl/include  conftest.c >&5
configure:12938: $? = 0
configure:12938: arm-arago-linux-gnueabi-gcc -c -pthread -std=c99 -pedantic -g -O2 -I/usr/local/openssl/include  conftest.c >&5
conftest.c: In function 'main':
conftest.c:82: error: size of array 'test_array' is negative
configure:12938: $? = 1
configure: failed program was:
| /* confdefs.h */
| #define PACKAGE_NAME ""
| #define PACKAGE_TARNAME ""
| #define PACKAGE_VERSION ""
| #define PACKAGE_STRING ""
| #define PACKAGE_BUGREPORT ""
| #define PACKAGE_URL ""
| #define PACKAGE "libesmtp"
| #define VERSION "1.0.6"
| #define STDC_HEADERS 1
| #define HAVE_SYS_TYPES_H 1
| #define HAVE_SYS_STAT_H 1
| #define HAVE_STDLIB_H 1
| #define HAVE_STRING_H 1
| #define HAVE_MEMORY_H 1
| #define HAVE_STRINGS_H 1
| #define HAVE_INTTYPES_H 1
| #define HAVE_STDINT_H 1
| #define HAVE_UNISTD_H 1
| #define HAVE_DLFCN_H 1
| #define LT_OBJDIR ".libs/"
| #define _GNU_SOURCE 1
| #define _ISOC9X_SOURCE 1
| #define _ISOC99_SOURCE 1
| #define _POSIX_C_SOURCE 199506L
| #define _XOPEN_SOURCE 500
| #define HAVE_DLSYM 1
| #define USE_PTHREADS 1
| #define HAVE_GETADDRINFO 1
| #define USE_SASL 1
| #define AUTHPLUGINDIR "/usr/lib/esmtp-plugins"
| #define HAVE_LIBCRYPTO 1
| #define USE_TLS 1
| #define USE_CHUNKING 1
| #define USE_XUSR 1
| #define AUTH_ID_HACK 1
| #define NDEBUG 1
| #define STDC_HEADERS 1
| #define HAVE_SYS_IOCTL_H 1
| #define HAVE_UNISTD_H 1
| #define TIME_WITH_SYS_TIME 1
| #define HAVE_STRUCT_TM_TM_ZONE 1
| #define HAVE_TM_ZONE 1
| #define SIZEOF_UNSIGNED_SHORT 2
| /* end confdefs.h.  */
| #include <stdio.h>
| #ifdef HAVE_SYS_TYPES_H
| # include <sys/types.h>
| #endif
| #ifdef HAVE_SYS_STAT_H
| # include <sys/stat.h>
| #endif
| #ifdef STDC_HEADERS
| # include <stdlib.h>
| # include <stddef.h>
| #else
| # ifdef HAVE_STDLIB_H
| #  include <stdlib.h>
| # endif
| #endif
| #ifdef HAVE_STRING_H
| # if !defined STDC_HEADERS && defined HAVE_MEMORY_H
| #  include <memory.h>
| # endif
| # include <string.h>
| #endif
| #ifdef HAVE_STRINGS_H
| # include <strings.h>
| #endif
| #ifdef HAVE_INTTYPES_H
| # include <inttypes.h>
| #endif
| #ifdef HAVE_STDINT_H
| # include <stdint.h>
| #endif
| #ifdef HAVE_UNISTD_H
| # include <unistd.h>
| #endif
| int
| main ()
| {
| static int test_array [1 - 2 * !(((long int) (sizeof (unsigned int))) <= 0)];
| test_array [0] = 0
| 
|   ;
|   return 0;
| }
configure:12938: arm-arago-linux-gnueabi-gcc -c -pthread -std=c99 -pedantic -g -O2 -I/usr/local/openssl/include  conftest.c >&5
conftest.c: In function 'main':
conftest.c:82: error: size of array 'test_array' is negative
configure:12938: $? = 1
configure: failed program was:
| /* confdefs.h */
| #define PACKAGE_NAME ""
| #define PACKAGE_TARNAME ""
| #define PACKAGE_VERSION ""
| #define PACKAGE_STRING ""
| #define PACKAGE_BUGREPORT ""
| #define PACKAGE_URL ""
| #define PACKAGE "libesmtp"
| #define VERSION "1.0.6"
| #define STDC_HEADERS 1
| #define HAVE_SYS_TYPES_H 1
| #define HAVE_SYS_STAT_H 1
| #define HAVE_STDLIB_H 1
| #define HAVE_STRING_H 1
| #define HAVE_MEMORY_H 1
| #define HAVE_STRINGS_H 1
| #define HAVE_INTTYPES_H 1
| #define HAVE_STDINT_H 1
| #define HAVE_UNISTD_H 1
| #define HAVE_DLFCN_H 1
| #define LT_OBJDIR ".libs/"
| #define _GNU_SOURCE 1
| #define _ISOC9X_SOURCE 1
| #define _ISOC99_SOURCE 1
| #define _POSIX_C_SOURCE 199506L
| #define _XOPEN_SOURCE 500
| #define HAVE_DLSYM 1
| #define USE_PTHREADS 1
| #define HAVE_GETADDRINFO 1
| #define USE_SASL 1
| #define AUTHPLUGINDIR "/usr/lib/esmtp-plugins"
| #define HAVE_LIBCRYPTO 1
| #define USE_TLS 1
| #define USE_CHUNKING 1
| #define USE_XUSR 1
| #define AUTH_ID_HACK 1
| #define NDEBUG 1
| #define STDC_HEADERS 1
| #define HAVE_SYS_IOCTL_H 1
| #define HAVE_UNISTD_H 1
| #define TIME_WITH_SYS_TIME 1
| #define HAVE_STRUCT_TM_TM_ZONE 1
| #define HAVE_TM_ZONE 1
| #define SIZEOF_UNSIGNED_SHORT 2
| /* end confdefs.h.  */
| #include <stdio.h>
| #ifdef HAVE_SYS_TYPES_H
| # include <sys/types.h>
| #endif
| #ifdef HAVE_SYS_STAT_H
| # include <sys/stat.h>
| #endif
| #ifdef STDC_HEADERS
| # include <stdlib.h>
| # include <stddef.h>
| #else
| # ifdef HAVE_STDLIB_H
| #  include <stdlib.h>
| # endif
| #endif
| #ifdef HAVE_STRING_H
| # if !defined STDC_HEADERS && defined HAVE_MEMORY_H
| #  include <memory.h>
| # endif
| # include <string.h>
| #endif
| #ifdef HAVE_STRINGS_H
| # include <strings.h>
| #endif
| #ifdef HAVE_INTTYPES_H
| # include <inttypes.h>
| #endif
| #ifdef HAVE_STDINT_H
| # include <stdint.h>
| #endif
| #ifdef HAVE_UNISTD_H
| # include <unistd.h>
| #endif
| int
| main ()
| {
| static int test_array [1 - 2 * !(((long int) (sizeof (unsigned int))) <= 1)];
| test_array [0] = 0
| 
|   ;
|   return 0;
| }
configure:12938: arm-arago-linux-gnueabi-gcc -c -pthread -std=c99 -pedantic -g -O2 -I/usr/local/openssl/include  conftest.c >&5
conftest.c: In function 'main':
conftest.c:82: error: size of array 'test_array' is negative
configure:12938: $? = 1
configure: failed program was:
| /* confdefs.h */
| #define PACKAGE_NAME ""
| #define PACKAGE_TARNAME ""
| #define PACKAGE_VERSION ""
| #define PACKAGE_STRING ""
| #define PACKAGE_BUGREPORT ""
| #define PACKAGE_URL ""
| #define PACKAGE "libesmtp"
| #define VERSION "1.0.6"
| #define STDC_HEADERS 1
| #define HAVE_SYS_TYPES_H 1
| #define HAVE_SYS_STAT_H 1
| #define HAVE_STDLIB_H 1
| #define HAVE_STRING_H 1
| #define HAVE_MEMORY_H 1
| #define HAVE_STRINGS_H 1
| #define HAVE_INTTYPES_H 1
| #define HAVE_STDINT_H 1
| #define HAVE_UNISTD_H 1
| #define HAVE_DLFCN_H 1
| #define LT_OBJDIR ".libs/"
| #define _GNU_SOURCE 1
| #define _ISOC9X_SOURCE 1
| #define _ISOC99_SOURCE 1
| #define _POSIX_C_SOURCE 199506L
| #define _XOPEN_SOURCE 500
| #define HAVE_DLSYM 1
| #define USE_PTHREADS 1
| #define HAVE_GETADDRINFO 1
| #define USE_SASL 1
| #define AUTHPLUGINDIR "/usr/lib/esmtp-plugins"
| #define HAVE_LIBCRYPTO 1
| #define USE_TLS 1
| #define USE_CHUNKING 1
| #define USE_XUSR 1
| #define AUTH_ID_HACK 1
| #define NDEBUG 1
| #define STDC_HEADERS 1
| #define HAVE_SYS_IOCTL_H 1
| #define HAVE_UNISTD_H 1
| #define TIME_WITH_SYS_TIME 1
| #define HAVE_STRUCT_TM_TM_ZONE 1
| #define HAVE_TM_ZONE 1
| #define SIZEOF_UNSIGNED_SHORT 2
| /* end confdefs.h.  */
| #include <stdio.h>
| #ifdef HAVE_SYS_TYPES_H
| # include <sys/types.h>
| #endif
| #ifdef HAVE_SYS_STAT_H
| # include <sys/stat.h>
| #endif
| #ifdef STDC_HEADERS
| # include <stdlib.h>
| # include <stddef.h>
| #else
| # ifdef HAVE_STDLIB_H
| #  include <stdlib.h>
| # endif
| #endif
| #ifdef HAVE_STRING_H
| # if !defined STDC_HEADERS && defined HAVE_MEMORY_H
| #  include <memory.h>
| # endif
| # include <string.h>
| #endif
| #ifdef HAVE_STRINGS_H
| # include <strings.h>
| #endif
| #ifdef HAVE_INTTYPES_H
| # include <inttypes.h>
| #endif
| #ifdef HAVE_STDINT_H
| # include <stdint.h>
| #endif
| #ifdef HAVE_UNISTD_H
| # include <unistd.h>
| #endif
| int
| main ()
| {
| static int test_array [1 - 2 * !(((long int) (sizeof (unsigned int))) <= 3)];
| test_array [0] = 0
| 
|   ;
|   return 0;
| }
configure:12938: arm-arago-linux-gnueabi-gcc -c -pthread -std=c99 -pedantic -g -O2 -I/usr/local/openssl/include  conftest.c >&5
configure:12938: $? = 0
configure:12938: arm-arago-linux-gnueabi-gcc -c -pthread -std=c99 -pedantic -g -O2 -I/usr/local/openssl/include  conftest.c >&5
configure:12938: $? = 0
configure:12938: arm-arago-linux-gnueabi-gcc -c -pthread -std=c99 -pedantic -g -O2 -I/usr/local/openssl/include  conftest.c >&5
configure:12938: $? = 0
configure:12952: result: 4
configure:12966: checking size of unsigned long
configure:12971: arm-arago-linux-gnueabi-gcc -c -pthread -std=c99 -pedantic -g -O2 -I/usr/local/openssl/include  conftest.c >&5
configure:12971: $? = 0
configure:12971: arm-arago-linux-gnueabi-gcc -c -pthread -std=c99 -pedantic -g -O2 -I/usr/local/openssl/include  conftest.c >&5
conftest.c: In function 'main':
conftest.c:83: error: size of array 'test_array' is negative
configure:12971: $? = 1
configure: failed program was:
| /* confdefs.h */
| #define PACKAGE_NAME ""
| #define PACKAGE_TARNAME ""
| #define PACKAGE_VERSION ""
| #define PACKAGE_STRING ""
| #define PACKAGE_BUGREPORT ""
| #define PACKAGE_URL ""
| #define PACKAGE "libesmtp"
| #define VERSION "1.0.6"
| #define STDC_HEADERS 1
| #define HAVE_SYS_TYPES_H 1
| #define HAVE_SYS_STAT_H 1
| #define HAVE_STDLIB_H 1
| #define HAVE_STRING_H 1
| #define HAVE_MEMORY_H 1
| #define HAVE_STRINGS_H 1
| #define HAVE_INTTYPES_H 1
| #define HAVE_STDINT_H 1
| #define HAVE_UNISTD_H 1
| #define HAVE_DLFCN_H 1
| #define LT_OBJDIR ".libs/"
| #define _GNU_SOURCE 1
| #define _ISOC9X_SOURCE 1
| #define _ISOC99_SOURCE 1
| #define _POSIX_C_SOURCE 199506L
| #define _XOPEN_SOURCE 500
| #define HAVE_DLSYM 1
| #define USE_PTHREADS 1
| #define HAVE_GETADDRINFO 1
| #define USE_SASL 1
| #define AUTHPLUGINDIR "/usr/lib/esmtp-plugins"
| #define HAVE_LIBCRYPTO 1
| #define USE_TLS 1
| #define USE_CHUNKING 1
| #define USE_XUSR 1
| #define AUTH_ID_HACK 1
| #define NDEBUG 1
| #define STDC_HEADERS 1
| #define HAVE_SYS_IOCTL_H 1
| #define HAVE_UNISTD_H 1
| #define TIME_WITH_SYS_TIME 1
| #define HAVE_STRUCT_TM_TM_ZONE 1
| #define HAVE_TM_ZONE 1
| #define SIZEOF_UNSIGNED_SHORT 2
| #define SIZEOF_UNSIGNED_INT 4
| /* end confdefs.h.  */
| #include <stdio.h>
| #ifdef HAVE_SYS_TYPES_H
| # include <sys/types.h>
| #endif
| #ifdef HAVE_SYS_STAT_H
| # include <sys/stat.h>
| #endif
| #ifdef STDC_HEADERS
| # include <stdlib.h>
| # include <stddef.h>
| #else
| # ifdef HAVE_STDLIB_H
| #  include <stdlib.h>
| # endif
| #endif
| #ifdef HAVE_STRING_H
| # if !defined STDC_HEADERS && defined HAVE_MEMORY_H
| #  include <memory.h>
| # endif
| # include <string.h>
| #endif
| #ifdef HAVE_STRINGS_H
| # include <strings.h>
| #endif
| #ifdef HAVE_INTTYPES_H
| # include <inttypes.h>
| #endif
| #ifdef HAVE_STDINT_H
| # include <stdint.h>
| #endif
| #ifdef HAVE_UNISTD_H
| # include <unistd.h>
| #endif
| int
| main ()
| {
| static int test_array [1 - 2 * !(((long int) (sizeof (unsigned long))) <= 0)];
| test_array [0] = 0
| 
|   ;
|   return 0;
| }
configure:12971: arm-arago-linux-gnueabi-gcc -c -pthread -std=c99 -pedantic -g -O2 -I/usr/local/openssl/include  conftest.c >&5
conftest.c: In function 'main':
conftest.c:83: error: size of array 'test_array' is negative
configure:12971: $? = 1
configure: failed program was:
| /* confdefs.h */
| #define PACKAGE_NAME ""
| #define PACKAGE_TARNAME ""
| #define PACKAGE_VERSION ""
| #define PACKAGE_STRING ""
| #define PACKAGE_BUGREPORT ""
| #define PACKAGE_URL ""
| #define PACKAGE "libesmtp"
| #define VERSION "1.0.6"
| #define STDC_HEADERS 1
| #define HAVE_SYS_TYPES_H 1
| #define HAVE_SYS_STAT_H 1
| #define HAVE_STDLIB_H 1
| #define HAVE_STRING_H 1
| #define HAVE_MEMORY_H 1
| #define HAVE_STRINGS_H 1
| #define HAVE_INTTYPES_H 1
| #define HAVE_STDINT_H 1
| #define HAVE_UNISTD_H 1
| #define HAVE_DLFCN_H 1
| #define LT_OBJDIR ".libs/"
| #define _GNU_SOURCE 1
| #define _ISOC9X_SOURCE 1
| #define _ISOC99_SOURCE 1
| #define _POSIX_C_SOURCE 199506L
| #define _XOPEN_SOURCE 500
| #define HAVE_DLSYM 1
| #define USE_PTHREADS 1
| #define HAVE_GETADDRINFO 1
| #define USE_SASL 1
| #define AUTHPLUGINDIR "/usr/lib/esmtp-plugins"
| #define HAVE_LIBCRYPTO 1
| #define USE_TLS 1
| #define USE_CHUNKING 1
| #define USE_XUSR 1
| #define AUTH_ID_HACK 1
| #define NDEBUG 1
| #define STDC_HEADERS 1
| #define HAVE_SYS_IOCTL_H 1
| #define HAVE_UNISTD_H 1
| #define TIME_WITH_SYS_TIME 1
| #define HAVE_STRUCT_TM_TM_ZONE 1
| #define HAVE_TM_ZONE 1
| #define SIZEOF_UNSIGNED_SHORT 2
| #define SIZEOF_UNSIGNED_INT 4
| /* end confdefs.h.  */
| #include <stdio.h>
| #ifdef HAVE_SYS_TYPES_H
| # include <sys/types.h>
| #endif
| #ifdef HAVE_SYS_STAT_H
| # include <sys/stat.h>
| #endif
| #ifdef STDC_HEADERS
| # include <stdlib.h>
| # include <stddef.h>
| #else
| # ifdef HAVE_STDLIB_H
| #  include <stdlib.h>
| # endif
| #endif
| #ifdef HAVE_STRING_H
| # if !defined STDC_HEADERS && defined HAVE_MEMORY_H
| #  include <memory.h>
| # endif
| # include <string.h>
| #endif
| #ifdef HAVE_STRINGS_H
| # include <strings.h>
| #endif
| #ifdef HAVE_INTTYPES_H
| # include <inttypes.h>
| #endif
| #ifdef HAVE_STDINT_H
| # include <stdint.h>
| #endif
| #ifdef HAVE_UNISTD_H
| # include <unistd.h>
| #endif
| int
| main ()
| {
| static int test_array [1 - 2 * !(((long int) (sizeof (unsigned long))) <= 1)];
| test_array [0] = 0
| 
|   ;
|   return 0;
| }
configure:12971: arm-arago-linux-gnueabi-gcc -c -pthread -std=c99 -pedantic -g -O2 -I/usr/local/openssl/include  conftest.c >&5
conftest.c: In function 'main':
conftest.c:83: error: size of array 'test_array' is negative
configure:12971: $? = 1
configure: failed program was:
| /* confdefs.h */
| #define PACKAGE_NAME ""
| #define PACKAGE_TARNAME ""
| #define PACKAGE_VERSION ""
| #define PACKAGE_STRING ""
| #define PACKAGE_BUGREPORT ""
| #define PACKAGE_URL ""
| #define PACKAGE "libesmtp"
| #define VERSION "1.0.6"
| #define STDC_HEADERS 1
| #define HAVE_SYS_TYPES_H 1
| #define HAVE_SYS_STAT_H 1
| #define HAVE_STDLIB_H 1
| #define HAVE_STRING_H 1
| #define HAVE_MEMORY_H 1
| #define HAVE_STRINGS_H 1
| #define HAVE_INTTYPES_H 1
| #define HAVE_STDINT_H 1
| #define HAVE_UNISTD_H 1
| #define HAVE_DLFCN_H 1
| #define LT_OBJDIR ".libs/"
| #define _GNU_SOURCE 1
| #define _ISOC9X_SOURCE 1
| #define _ISOC99_SOURCE 1
| #define _POSIX_C_SOURCE 199506L
| #define _XOPEN_SOURCE 500
| #define HAVE_DLSYM 1
| #define USE_PTHREADS 1
| #define HAVE_GETADDRINFO 1
| #define USE_SASL 1
| #define AUTHPLUGINDIR "/usr/lib/esmtp-plugins"
| #define HAVE_LIBCRYPTO 1
| #define USE_TLS 1
| #define USE_CHUNKING 1
| #define USE_XUSR 1
| #define AUTH_ID_HACK 1
| #define NDEBUG 1
| #define STDC_HEADERS 1
| #define HAVE_SYS_IOCTL_H 1
| #define HAVE_UNISTD_H 1
| #define TIME_WITH_SYS_TIME 1
| #define HAVE_STRUCT_TM_TM_ZONE 1
| #define HAVE_TM_ZONE 1
| #define SIZEOF_UNSIGNED_SHORT 2
| #define SIZEOF_UNSIGNED_INT 4
| /* end confdefs.h.  */
| #include <stdio.h>
| #ifdef HAVE_SYS_TYPES_H
| # include <sys/types.h>
| #endif
| #ifdef HAVE_SYS_STAT_H
| # include <sys/stat.h>
| #endif
| #ifdef STDC_HEADERS
| # include <stdlib.h>
| # include <stddef.h>
| #else
| # ifdef HAVE_STDLIB_H
| #  include <stdlib.h>
| # endif
| #endif
| #ifdef HAVE_STRING_H
| # if !defined STDC_HEADERS && defined HAVE_MEMORY_H
| #  include <memory.h>
| # endif
| # include <string.h>
| #endif
| #ifdef HAVE_STRINGS_H
| # include <strings.h>
| #endif
| #ifdef HAVE_INTTYPES_H
| # include <inttypes.h>
| #endif
| #ifdef HAVE_STDINT_H
| # include <stdint.h>
| #endif
| #ifdef HAVE_UNISTD_H
| # include <unistd.h>
| #endif
| int
| main ()
| {
| static int test_array [1 - 2 * !(((long int) (sizeof (unsigned long))) <= 3)];
| test_array [0] = 0
| 
|   ;
|   return 0;
| }
configure:12971: arm-arago-linux-gnueabi-gcc -c -pthread -std=c99 -pedantic -g -O2 -I/usr/local/openssl/include  conftest.c >&5
configure:12971: $? = 0
configure:12971: arm-arago-linux-gnueabi-gcc -c -pthread -std=c99 -pedantic -g -O2 -I/usr/local/openssl/include  conftest.c >&5
configure:12971: $? = 0
configure:12971: arm-arago-linux-gnueabi-gcc -c -pthread -std=c99 -pedantic -g -O2 -I/usr/local/openssl/include  conftest.c >&5
configure:12971: $? = 0
configure:12985: result: 4
configure:12997: checking for strdup
configure:12997: arm-arago-linux-gnueabi-gcc -o conftest -pthread -std=c99 -pedantic -g -O2 -I/usr/local/openssl/include  -L/usr/local/openssl/lib -pthread  conftest.c -lssl -lcrypto  -ldl  >&5
configure:12997: $? = 0
configure:12997: result: yes
configure:13010: checking for strcasecmp
configure:13010: arm-arago-linux-gnueabi-gcc -o conftest -pthread -std=c99 -pedantic -g -O2 -I/usr/local/openssl/include  -L/usr/local/openssl/lib -pthread  conftest.c -lssl -lcrypto  -ldl  >&5
configure:13010: $? = 0
configure:13010: result: yes
configure:13023: checking for strncasecmp
configure:13023: arm-arago-linux-gnueabi-gcc -o conftest -pthread -std=c99 -pedantic -g -O2 -I/usr/local/openssl/include  -L/usr/local/openssl/lib -pthread  conftest.c -lssl -lcrypto  -ldl  >&5
configure:13023: $? = 0
configure:13023: result: yes
configure:13036: checking for memrchr
configure:13036: arm-arago-linux-gnueabi-gcc -o conftest -pthread -std=c99 -pedantic -g -O2 -I/usr/local/openssl/include  -L/usr/local/openssl/lib -pthread  conftest.c -lssl -lcrypto  -ldl  >&5
configure:13036: $? = 0
configure:13036: result: yes
configure:13053: checking for strtol
configure:13053: arm-arago-linux-gnueabi-gcc -o conftest -pthread -std=c99 -pedantic -g -O2 -I/usr/local/openssl/include  -L/usr/local/openssl/lib -pthread  conftest.c -lssl -lcrypto  -ldl  >&5
configure:13053: $? = 0
configure:13053: result: yes
configure:13053: checking for uname
configure:13053: arm-arago-linux-gnueabi-gcc -o conftest -pthread -std=c99 -pedantic -g -O2 -I/usr/local/openssl/include  -L/usr/local/openssl/lib -pthread  conftest.c -lssl -lcrypto  -ldl  >&5
configure:13053: $? = 0
configure:13053: result: yes
configure:13053: checking for gethostname
configure:13053: arm-arago-linux-gnueabi-gcc -o conftest -pthread -std=c99 -pedantic -g -O2 -I/usr/local/openssl/include  -L/usr/local/openssl/lib -pthread  conftest.c -lssl -lcrypto  -ldl  >&5
configure:13053: $? = 0
configure:13053: result: yes
configure:13053: checking for gettimeofday
configure:13053: arm-arago-linux-gnueabi-gcc -o conftest -pthread -std=c99 -pedantic -g -O2 -I/usr/local/openssl/include  -L/usr/local/openssl/lib -pthread  conftest.c -lssl -lcrypto  -ldl  >&5
configure:13053: $? = 0
configure:13053: result: yes
configure:13062: checking for library containing socket
configure:13093: arm-arago-linux-gnueabi-gcc -o conftest -pthread -std=c99 -pedantic -g -O2 -I/usr/local/openssl/include  -L/usr/local/openssl/lib -pthread  conftest.c -lssl -lcrypto  -ldl  >&5
configure:13093: $? = 0
configure:13110: result: none required
configure:13121: checking for library containing localtime_r
configure:13152: arm-arago-linux-gnueabi-gcc -o conftest -pthread -std=c99 -pedantic -g -O2 -I/usr/local/openssl/include  -L/usr/local/openssl/lib -pthread  conftest.c -lssl -lcrypto  -ldl  >&5
configure:13152: $? = 0
configure:13169: result: none required
configure:13183: checking for strerror_r
configure:13183: arm-arago-linux-gnueabi-gcc -o conftest -pthread -std=c99 -pedantic -g -O2 -I/usr/local/openssl/include  -L/usr/local/openssl/lib -pthread  conftest.c -lssl -lcrypto  -ldl  >&5
configure:13183: $? = 0
configure:13183: result: yes
configure:13189: checking for working strerror_r
configure:13213: arm-arago-linux-gnueabi-gcc -c -pthread -std=c99 -pedantic -g -O2 -I/usr/local/openssl/include  conftest.c >&5
configure:13213: $? = 0
configure:13221: result: yes
configure:13248: checking for working snprintf
configure:13283: result: yes
configure:13446: creating ./config.status

## ---------------------- ##
## Running config.status. ##
## ---------------------- ##

This file was extended by config.status, which was
generated by GNU Autoconf 2.68.  Invocation command line was

  CONFIG_FILES    = 
  CONFIG_HEADERS  = 
  CONFIG_LINKS    = 
  CONFIG_COMMANDS = 
  $ ./config.status 

on localhost.localdomain

config.status:1137: creating libesmtp-config
config.status:1137: creating libesmtp.spec
config.status:1137: creating Makefile
config.status:1137: creating login/Makefile
config.status:1137: creating plain/Makefile
config.status:1137: creating crammd5/Makefile
config.status:1137: creating ntlm/Makefile
config.status:1137: creating config.h
config.status:1366: executing depfiles commands
config.status:1366: executing libtool commands

## ---------------- ##
## Cache variables. ##
## ---------------- ##

ac_cv_build=i686-pc-linux-gnu
ac_cv_c_bigendian=no
ac_cv_c_compiler_gnu=yes
ac_cv_c_const=yes
ac_cv_c_inline=inline
ac_cv_env_CC_set=
ac_cv_env_CC_value=
ac_cv_env_CFLAGS_set=
ac_cv_env_CFLAGS_value=
ac_cv_env_CPPFLAGS_set=
ac_cv_env_CPPFLAGS_value=
ac_cv_env_CPP_set=
ac_cv_env_CPP_value=
ac_cv_env_LDFLAGS_set=
ac_cv_env_LDFLAGS_value=
ac_cv_env_LIBS_set=
ac_cv_env_LIBS_value=
ac_cv_env_build_alias_set=
ac_cv_env_build_alias_value=
ac_cv_env_host_alias_set=set
ac_cv_env_host_alias_value=arm-arago-linux-gnueabi
ac_cv_env_target_alias_set=
ac_cv_env_target_alias_value=
ac_cv_func_gethostname=yes
ac_cv_func_gettimeofday=yes
ac_cv_func_memrchr=yes
ac_cv_func_strcasecmp=yes
ac_cv_func_strdup=yes
ac_cv_func_strerror_r=yes
ac_cv_func_strncasecmp=yes
ac_cv_func_strtol=yes
ac_cv_func_uname=yes
ac_cv_header_dlfcn_h=yes
ac_cv_header_inttypes_h=yes
ac_cv_header_memory_h=yes
ac_cv_header_openssl_md4_h=yes
ac_cv_header_openssl_md5_h=yes
ac_cv_header_openssl_ssl_h=yes
ac_cv_header_pthread_h=yes
ac_cv_header_stdc=yes
ac_cv_header_stdint_h=yes
ac_cv_header_stdlib_h=yes
ac_cv_header_string_h=yes
ac_cv_header_strings_h=yes
ac_cv_header_sys_ioctl_h=yes
ac_cv_header_sys_stat_h=yes
ac_cv_header_sys_types_h=yes
ac_cv_header_time=yes
ac_cv_header_unistd_h=yes
ac_cv_host=arm-arago-linux-gnueabi
ac_cv_lib_crypto_MD4_Init=yes
ac_cv_lib_crypto_MD5_Init=yes
ac_cv_lib_ssl_SSL_library_init=yes
ac_cv_member_struct_tm_tm_zone=yes
ac_cv_objext=o
ac_cv_path_EGREP='/bin/grep -E'
ac_cv_path_FGREP='/bin/grep -F'
ac_cv_path_GREP=/bin/grep
ac_cv_path_SED=/bin/sed
ac_cv_path_install='/usr/bin/install -c'
ac_cv_path_mkdir=/bin/mkdir
ac_cv_prog_AR=arm-arago-linux-gnueabi-ar
ac_cv_prog_AWK=gawk
ac_cv_prog_CC=arm-arago-linux-gnueabi-gcc
ac_cv_prog_CPP='arm-arago-linux-gnueabi-gcc -E'
ac_cv_prog_OBJDUMP=arm-arago-linux-gnueabi-objdump
ac_cv_prog_PTHREAD_CC=arm-arago-linux-gnueabi-gcc
ac_cv_prog_RANLIB=arm-arago-linux-gnueabi-ranlib
ac_cv_prog_STRIP=arm-arago-linux-gnueabi-strip
ac_cv_prog_cc_c89=
ac_cv_prog_cc_g=yes
ac_cv_prog_make_make_set=yes
ac_cv_search_dlsym=-ldl
ac_cv_search_getaddrinfo='none required'
ac_cv_search_localtime_r='none required'
ac_cv_search_socket='none required'
ac_cv_sizeof_unsigned_int=4
ac_cv_sizeof_unsigned_long=4
ac_cv_sizeof_unsigned_short=2
ac_cv_struct_tm=time.h
acx_cv_sys_working_strerror_r=yes
acx_cv_working_snprintf=yes
am_cv_CC_dependencies_compiler_type=gcc3
lt_cv_deplibs_check_method=pass_all
lt_cv_file_magic_cmd='$MAGIC_CMD'
lt_cv_file_magic_test_file=
lt_cv_ld_reload_flag=-r
lt_cv_nm_interface='BSD nm'
lt_cv_objdir=.libs
lt_cv_path_LD=/home/user/workdir/DM369/dvsdk_ipnctools/linux-devkit/arm-arago-linux-gnueabi/bin/ld
lt_cv_path_NM='/home/user/workdir/DM369/dvsdk_ipnctools/linux-devkit/bin//arm-arago-linux-gnueabi-nm -B'
lt_cv_prog_compiler_c_o=yes
lt_cv_prog_compiler_pic_works=yes
lt_cv_prog_compiler_rtti_exceptions=no
lt_cv_prog_compiler_static_works=yes
lt_cv_prog_gnu_ld=yes
lt_cv_sys_global_symbol_pipe='sed -n -e '\''s/^.*[	 ]\([ABCDGIRSTW][ABCDGIRSTW]*\)[	 ][	 ]*\([_A-Za-z][_A-Za-z0-9]*\)$/\1 \2 \2/p'\'''
lt_cv_sys_global_symbol_to_c_name_address='sed -n -e '\''s/^: \([^ ]*\) $/  {\"\1\", (void *) 0},/p'\'' -e '\''s/^[ABCDGIRSTW]* \([^ ]*\) \([^ ]*\)$/  {"\2", (void *) \&\2},/p'\'''
lt_cv_sys_global_symbol_to_c_name_address_lib_prefix='sed -n -e '\''s/^: \([^ ]*\) $/  {\"\1\", (void *) 0},/p'\'' -e '\''s/^[ABCDGIRSTW]* \([^ ]*\) \(lib[^ ]*\)$/  {"\2", (void *) \&\2},/p'\'' -e '\''s/^[ABCDGIRSTW]* \([^ ]*\) \([^ ]*\)$/  {"lib\2", (void *) \&\2},/p'\'''
lt_cv_sys_global_symbol_to_cdecl='sed -n -e '\''s/^T .* \(.*\)$/extern int \1();/p'\'' -e '\''s/^[ABCDGIRSTW]* .* \(.*\)$/extern char \1;/p'\'''
lt_cv_sys_max_cmd_len=1572864

## ----------------- ##
## Output variables. ##
## ----------------- ##

ACLOCAL='${SHELL} /home/user/workdir/DM369/ipnc_rdk/ipnc_app/network/libesmtp-1.0.6/missing --run aclocal-1.11'
AMDEPBACKSLASH='\'
AMDEP_FALSE='#'
AMDEP_TRUE=''
AMTAR='${SHELL} /home/user/workdir/DM369/ipnc_rdk/ipnc_app/network/libesmtp-1.0.6/missing --run tar'
AR='arm-arago-linux-gnueabi-ar'
AUTOCONF='${SHELL} /home/user/workdir/DM369/ipnc_rdk/ipnc_app/network/libesmtp-1.0.6/missing --run autoconf'
AUTOHEADER='${SHELL} /home/user/workdir/DM369/ipnc_rdk/ipnc_app/network/libesmtp-1.0.6/missing --run autoheader'
AUTOMAKE='${SHELL} /home/user/workdir/DM369/ipnc_rdk/ipnc_app/network/libesmtp-1.0.6/missing --run automake-1.11'
AWK='gawk'
CC='arm-arago-linux-gnueabi-gcc'
CCDEPMODE='depmode=gcc3'
CFLAGS='-pthread -std=c99 -pedantic -g -O2'
CPP='arm-arago-linux-gnueabi-gcc -E'
CPPFLAGS='-I/usr/local/openssl/include '
CRAMMD5_LIBS='-lcrypto'
CRAMMD5_LTLIBOBJS=''
CYGPATH_W='echo'
DEFS='-DHAVE_CONFIG_H'
DEPDIR='.deps'
DIST_PLUGINS='login plain crammd5 ntlm'
DSYMUTIL=''
DUMPBIN=''
ECHO_C=''
ECHO_N='-n'
ECHO_T=''
EGREP='/bin/grep -E'
EXEEXT=''
EXTRA_CFLAGS='         -Wall -Wchar-subscripts -Wmissing-declarations -Wmissing-prototypes         -Wstrict-prototypes -Wnested-externs -Wpointer-arith         -Wbad-function-cast -Wcast-align'
FGREP='/bin/grep -F'
GREP='/bin/grep'
INSTALL_DATA='${INSTALL} -m 644'
INSTALL_PROGRAM='${INSTALL}'
INSTALL_SCRIPT='${INSTALL}'
INSTALL_STRIP_PROGRAM='$(install_sh) -c -s'
LD='/home/user/workdir/DM369/dvsdk_ipnctools/linux-devkit/arm-arago-linux-gnueabi/bin/ld'
LDFLAGS='-L/usr/local/openssl/lib -pthread '
LIBESMTP_VERSION='7:6:1'
LIBOBJS=''
LIBS='-lssl -lcrypto  -ldl '
LIBTOOL='$(SHELL) $(top_builddir)/libtool'
LIBTOOL_DEPS='./ltmain.sh'
LIB_AGE='1'
LIB_CURRENT='7'
LIB_REVISION='6'
LIPO=''
LN_S='ln -s'
LTALLOCA=''
LTLIBOBJS=''
MAKEINFO='${SHELL} /home/user/workdir/DM369/ipnc_rdk/ipnc_app/network/libesmtp-1.0.6/missing --run makeinfo'
MKDIR_P='/bin/mkdir -p'
NM='/home/user/workdir/DM369/dvsdk_ipnctools/linux-devkit/bin//arm-arago-linux-gnueabi-nm -B'
NMEDIT=''
NTLM_LIBS='-lcrypto'
OBJDUMP='arm-arago-linux-gnueabi-objdump'
OBJEXT='o'
OTOOL64=''
OTOOL=''
PACKAGE='libesmtp'
PACKAGE_BUGREPORT=''
PACKAGE_NAME=''
PACKAGE_STRING=''
PACKAGE_TARNAME=''
PACKAGE_URL=''
PACKAGE_VERSION=''
PATH_SEPARATOR=':'
PTHREAD_CC='arm-arago-linux-gnueabi-gcc'
PTHREAD_CFLAGS='-pthread'
PTHREAD_LDFLAGS='-pthread'
PTHREAD_LIBS=''
RANLIB='arm-arago-linux-gnueabi-ranlib'
RPM_BUILDREQUIRES='BuildRequires:'
RPM_OPENSSL='openssl >= %{openssl}'
RPM_OPENSSLDEVEL='openssl-devel >= %{openssl}'
RPM_REQUIRES='Requires:'
SASL_PLUGINS='login plain crammd5 ntlm'
SED='/bin/sed'
SET_MAKE=''
SHELL='/bin/sh'
STRIP='arm-arago-linux-gnueabi-strip'
VERSION='1.0.6'
ac_ct_CC=''
ac_ct_DUMPBIN=''
am__EXEEXT_FALSE=''
am__EXEEXT_TRUE='#'
am__fastdepCC_FALSE='#'
am__fastdepCC_TRUE=''
am__include='include'
am__isrc=''
am__leading_dot='.'
am__quote=''
am__tar='${AMTAR} chof - "$$tardir"'
am__untar='${AMTAR} xf -'
bindir='${exec_prefix}/bin'
build='i686-pc-linux-gnu'
build_alias=''
build_cpu='i686'
build_os='linux-gnu'
build_vendor='pc'
datadir='${datarootdir}'
datarootdir='${prefix}/share'
docdir='${datarootdir}/doc/${PACKAGE}'
dvidir='${docdir}'
exec_prefix='${prefix}'
host='arm-arago-linux-gnueabi'
host_alias='arm-arago-linux-gnueabi'
host_cpu='arm'
host_os='linux-gnueabi'
host_vendor='arago'
htmldir='${docdir}'
includedir='${prefix}/include'
infodir='${datarootdir}/info'
install_sh='${SHELL} /home/user/workdir/DM369/ipnc_rdk/ipnc_app/network/libesmtp-1.0.6/install-sh'
libdir='${exec_prefix}/lib'
libexecdir='${exec_prefix}/libexec'
localedir='${datarootdir}/locale'
localstatedir='${prefix}/var'
lt_ECHO='echo'
mandir='${datarootdir}/man'
mkdir_p='/bin/mkdir -p'
oldincludedir='/usr/include'
pdfdir='${docdir}'
plugindir='/usr/lib/esmtp-plugins'
prefix='/usr/local/libesmtp'
program_transform_name='s,x,x,'
psdir='${docdir}'
sbindir='${exec_prefix}/sbin'
sharedstatedir='${prefix}/com'
subdirs=''
sysconfdir='${prefix}/etc'
target_alias=''

## ----------- ##
## confdefs.h. ##
## ----------- ##

/* confdefs.h */
#define PACKAGE_NAME ""
#define PACKAGE_TARNAME ""
#define PACKAGE_VERSION ""
#define PACKAGE_STRING ""
#define PACKAGE_BUGREPORT ""
#define PACKAGE_URL ""
#define PACKAGE "libesmtp"
#define VERSION "1.0.6"
#define STDC_HEADERS 1
#define HAVE_SYS_TYPES_H 1
#define HAVE_SYS_STAT_H 1
#define HAVE_STDLIB_H 1
#define HAVE_STRING_H 1
#define HAVE_MEMORY_H 1
#define HAVE_STRINGS_H 1
#define HAVE_INTTYPES_H 1
#define HAVE_STDINT_H 1
#define HAVE_UNISTD_H 1
#define HAVE_DLFCN_H 1
#define LT_OBJDIR ".libs/"
#define _GNU_SOURCE 1
#define _ISOC9X_SOURCE 1
#define _ISOC99_SOURCE 1
#define _POSIX_C_SOURCE 199506L
#define _XOPEN_SOURCE 500
#define HAVE_DLSYM 1
#define USE_PTHREADS 1
#define HAVE_GETADDRINFO 1
#define USE_SASL 1
#define AUTHPLUGINDIR "/usr/lib/esmtp-plugins"
#define HAVE_LIBCRYPTO 1
#define USE_TLS 1
#define USE_CHUNKING 1
#define USE_XUSR 1
#define AUTH_ID_HACK 1
#define NDEBUG 1
#define STDC_HEADERS 1
#define HAVE_SYS_IOCTL_H 1
#define HAVE_UNISTD_H 1
#define TIME_WITH_SYS_TIME 1
#define HAVE_STRUCT_TM_TM_ZONE 1
#define HAVE_TM_ZONE 1
#define SIZEOF_UNSIGNED_SHORT 2
#define SIZEOF_UNSIGNED_INT 4
#define SIZEOF_UNSIGNED_LONG 4
#define HAVE_STRDUP 1
#define HAVE_STRCASECMP 1
#define HAVE_STRNCASECMP 1
#define HAVE_MEMRCHR 1
#define HAVE_STRTOL 1
#define HAVE_UNAME 1
#define HAVE_GETHOSTNAME 1
#define HAVE_GETTIMEOFDAY 1
#define HAVE_LOCALTIME_R 1
#define HAVE_STRERROR_R 1
#define HAVE_WORKING_STRERROR_R 1
#define HAVE_WORKING_SNPRINTF 1

configure: exit 0
